<?xml version="1.0" encoding="UTF-8"?>
<testng-results skipped="0" failed="0" ignored="0" total="2" passed="2">
  <reporter-output>
  </reporter-output>
  <suite name="Suite" duration-ms="157399" started-at="2018-05-26T17:38:00Z" finished-at="2018-05-26T17:40:37Z">
    <groups>
    </groups>
    <test name="Test" duration-ms="157399" started-at="2018-05-26T17:38:00Z" finished-at="2018-05-26T17:40:37Z">
      <class name="test.Test2">
        <test-method status="PASS" signature="launchGoogle()[pri:0, instance:test.Test2@25af5db5]" name="launchGoogle" duration-ms="82589" started-at="2018-05-26T17:39:14Z" finished-at="2018-05-26T17:40:37Z">
          <reporter-output>
          </reporter-output>
        </test-method> <!-- launchGoogle -->
      </class> <!-- test.Test2 -->
      <class name="test.Test1">
        <test-method status="PASS" signature="launchGoogle()[pri:0, instance:test.Test1@cb51256]" name="launchGoogle" duration-ms="74701" started-at="2018-05-26T17:38:00Z" finished-at="2018-05-26T17:39:14Z">
          <reporter-output>
          </reporter-output>
        </test-method> <!-- launchGoogle -->
      </class> <!-- test.Test1 -->
    </test> <!-- Test -->
  </suite> <!-- Suite -->
</testng-results>
