<?xml version="1.0" encoding="UTF-8"?>
<testng-results skipped="0" failed="0" ignored="0" total="1" passed="1">
  <reporter-output>
  </reporter-output>
  <suite name="Default suite" duration-ms="24395" started-at="2018-06-04T20:49:53Z" finished-at="2018-06-04T20:50:17Z">
    <groups>
    </groups>
    <test name="Default test" duration-ms="24395" started-at="2018-06-04T20:49:53Z" finished-at="2018-06-04T20:50:17Z">
      <class name="test1.Firsttest100">
        <test-method status="PASS" signature="launchGoogle()[pri:0, instance:test1.Firsttest100@7a9273a8]" name="launchGoogle" duration-ms="24336" started-at="2018-06-04T20:49:53Z" finished-at="2018-06-04T20:50:17Z">
          <reporter-output>
          </reporter-output>
        </test-method> <!-- launchGoogle -->
      </class> <!-- test1.Firsttest100 -->
    </test> <!-- Default test -->
  </suite> <!-- Default suite -->
</testng-results>
